android_lite/gradleBuild/outputs/logs/manifest-merger-debug-report.txt
-- Merging decision tree log ---
manifest
ADDED from utilisation/android/AndroidManifest.xml:16:1-72:12
	package
		ADDED from utilisation/android/AndroidManifest.xml:17:5-36
	xmlns:android
		ADDED from utilisation/android/AndroidManifest.xml:16:11-69
uses-sdk
ADDED from utilisation/android/AndroidManifest.xml:19:5-21:41
	android:targetSdkVersion
		ADDED from utilisation/android/AndroidManifest.xml:21:9-38
	android:minSdkVersion
		ADDED from utilisation/android/AndroidManifest.xml:20:9-35
uses-permission#android.permission.CAMERA
ADDED from utilisation/android/AndroidManifest.xml:23:5-65
	android:name
		ADDED from utilisation/android/AndroidManifest.xml:23:22-62
uses-feature#android.hardware.camera
ADDED from utilisation/android/AndroidManifest.xml:25:5-60
	android:name
		ADDED from utilisation/android/AndroidManifest.xml:25:19-57
uses-feature#android.hardware.camera.autofocus
ADDED from utilisation/android/AndroidManifest.xml:26:5-70
	android:name
		ADDED from utilisation/android/AndroidManifest.xml:26:19-67
uses-permission#android.permission.WRITE_EXTERNAL_STORAGE
ADDED from utilisation/android/AndroidManifest.xml:28:5-81
	android:name
		ADDED from utilisation/android/AndroidManifest.xml:28:22-78
uses-permission#android.permission.RECORD_AUDIO
ADDED from utilisation/android/AndroidManifest.xml:29:5-71
	android:name
		ADDED from utilisation/android/AndroidManifest.xml:29:22-68
uses-permission#android.permission.READ_PHONE_STATE
ADDED from utilisation/android/AndroidManifest.xml:30:5-75
	android:name
		ADDED from utilisation/android/AndroidManifest.xml:30:22-72
uses-permission#android.permission.READ_EXTERNAL_STORAGE
ADDED from utilisation/android/AndroidManifest.xml:31:5-80
	android:name
		ADDED from utilisation/android/AndroidManifest.xml:31:22-77
uses-permission#android.permission.BIND_VOICE_INTERACTION
ADDED from utilisation/android/AndroidManifest.xml:32:5-81
	android:name
		ADDED from utilisation/android/AndroidManifest.xml:32:22-78
application
ADDED from utilisation/android/AndroidManifest.xml:34:5-70:19
MERGED from [org.tensorflow:tensorflow-android:1.4.0] AndroidManifest.xml:5:5-6:19
	android:label
		ADDED from utilisation/android/AndroidManifest.xml:38:9-41
	android:debuggable
		ADDED from utilisation/android/AndroidManifest.xml:36:9-34
	android:allowBackup
		ADDED from utilisation/android/AndroidManifest.xml:35:9-35
	android:icon
		ADDED from utilisation/android/AndroidManifest.xml:37:9-45
	android:theme
		ADDED from utilisation/android/AndroidManifest.xml:39:9-45
activity#net.ccnlab.eyecontact.SplashActivity
ADDED from utilisation/android/AndroidManifest.xml:40:9-59:20
	android:screenOrientation
		ADDED from utilisation/android/AndroidManifest.xml:44:13-49
	android:label
		ADDED from utilisation/android/AndroidManifest.xml:42:13-45
	android:theme
		ADDED from utilisation/android/AndroidManifest.xml:43:13-47
	android:name
		ADDED from utilisation/android/AndroidManifest.xml:41:13-43
intent-filter#android.intent.action.MAIN+android.intent.category.LAUNCHER
ADDED from utilisation/android/AndroidManifest.xml:45:13-48:29
action#android.intent.action.MAIN
ADDED from utilisation/android/AndroidManifest.xml:46:17-69
	android:name
		ADDED from utilisation/android/AndroidManifest.xml:46:25-66
category#android.intent.category.LAUNCHER
ADDED from utilisation/android/AndroidManifest.xml:47:17-77
	android:name
		ADDED from utilisation/android/AndroidManifest.xml:47:27-74
intent-filter#android.intent.category.DEFAULT+android.intent.category.VOICE+android.media.action.IMAGE_CAPTURE
ADDED from utilisation/android/AndroidManifest.xml:49:13-53:29
action#android.media.action.IMAGE_CAPTURE
ADDED from utilisation/android/AndroidManifest.xml:50:17-77
	android:name
		ADDED from utilisation/android/AndroidManifest.xml:50:25-74
category#android.intent.category.DEFAULT
ADDED from utilisation/android/AndroidManifest.xml:51:17-76
	android:name
		ADDED from utilisation/android/AndroidManifest.xml:51:27-73
category#android.intent.category.VOICE
ADDED from utilisation/android/AndroidManifest.xml:52:17-74
	android:name
		ADDED from utilisation/android/AndroidManifest.xml:52:27-71
intent-filter#android.intent.category.DEFAULT+android.intent.category.VOICE+android.media.action.STILL_IMAGE_CAMERA
ADDED from utilisation/android/AndroidManifest.xml:54:13-58:29
action#android.media.action.STILL_IMAGE_CAMERA
ADDED from utilisation/android/AndroidManifest.xml:55:17-82
	android:name
		ADDED from utilisation/android/AndroidManifest.xml:55:25-79
activity#net.ccnlab.eyecontact.ClassSelectionActivity
ADDED from utilisation/android/AndroidManifest.xml:60:9-64:20
	android:screenOrientation
		ADDED from utilisation/android/AndroidManifest.xml:63:13-49
	android:label
		ADDED from utilisation/android/AndroidManifest.xml:62:13-64
	android:name
		ADDED from utilisation/android/AndroidManifest.xml:61:13-51
activity#net.ccnlab.eyecontact.ClassifierActivity
ADDED from utilisation/android/AndroidManifest.xml:65:9-69:20
	android:screenOrientation
		ADDED from utilisation/android/AndroidManifest.xml:68:13-49
	android:label
		ADDED from utilisation/android/AndroidManifest.xml:67:13-59
	android:name
		ADDED from utilisation/android/AndroidManifest.xml:66:13-47